<?xml version="1.0" encoding="UTF-8"?>
<testng-results ignored="0" total="1" passed="1" failed="0" skipped="0">
  <reporter-output>
  </reporter-output>
  <suite started-at="2024-06-07T16:20:26 IST" name="Default suite" finished-at="2024-06-07T16:20:28 IST" duration-ms="1687">
    <groups>
    </groups>
    <test started-at="2024-06-07T16:20:26 IST" name="Default test" finished-at="2024-06-07T16:20:28 IST" duration-ms="1687">
      <class name="tests.GETandPOSTexamples">
        <test-method signature="test_POST()[pri:0, instance:tests.GETandPOSTexamples@659499f1]" started-at="2024-06-07T16:20:26 IST" name="test_POST" finished-at="2024-06-07T16:20:28 IST" duration-ms="1647" status="PASS">
          <reporter-output>
          </reporter-output>
        </test-method> <!-- test_POST -->
      </class> <!-- tests.GETandPOSTexamples -->
    </test> <!-- Default test -->
  </suite> <!-- Default suite -->
</testng-results>
